2025-05-16T04:11:25.672Z [error]: Invalid request data: [
  {
    "validation": "uuid",
    "code": "invalid_string",
    "message": "ID de plantilla inv치lido",
    "path": [
      "templateId"
    ]
  }
] {"stack":"Error: Invalid request data: [\n  {\n    \"validation\": \"uuid\",\n    \"code\": \"invalid_string\",\n    \"message\": \"ID de plantilla inv치lido\",\n    \"path\": [\n      \"templateId\"\n    ]\n  }\n]\n    at /Users/vidalalvarez/Documents/CODEG/LUMINIA/notification email service/email-notification/src/api/v1/controllers/email.controller.ts:16:13\n    at Generator.next (<anonymous>)\n    at /Users/vidalalvarez/Documents/CODEG/LUMINIA/notification email service/email-notification/src/api/v1/controllers/email.controller.ts:41:71\n    at new Promise (<anonymous>)\n    at __awaiter (/Users/vidalalvarez/Documents/CODEG/LUMINIA/notification email service/email-notification/src/api/v1/controllers/email.controller.ts:37:12)\n    at sendEmailHandler (/Users/vidalalvarez/Documents/CODEG/LUMINIA/notification email service/email-notification/src/api/v1/controllers/email.controller.ts:53:12)\n    at Layer.handleRequest (/Users/vidalalvarez/Documents/CODEG/LUMINIA/notification email service/email-notification/node_modules/.pnpm/router@2.2.0/node_modules/router/lib/layer.js:152:17)\n    at next (/Users/vidalalvarez/Documents/CODEG/LUMINIA/notification email service/email-notification/node_modules/.pnpm/router@2.2.0/node_modules/router/lib/route.js:157:13)\n    at /Users/vidalalvarez/Documents/CODEG/LUMINIA/notification email service/email-notification/src/api/v1/routes/email.routes.ts:20:3\n    at Layer.handleRequest (/Users/vidalalvarez/Documents/CODEG/LUMINIA/notification email service/email-notification/node_modules/.pnpm/router@2.2.0/node_modules/router/lib/layer.js:152:17)","name":"Error"}
2025-05-16T04:12:47.208Z [error]: Invalid request data: [
  {
    "validation": "uuid",
    "code": "invalid_string",
    "message": "ID de plantilla inv치lido",
    "path": [
      "templateId"
    ]
  }
] {"stack":"Error: Invalid request data: [\n  {\n    \"validation\": \"uuid\",\n    \"code\": \"invalid_string\",\n    \"message\": \"ID de plantilla inv치lido\",\n    \"path\": [\n      \"templateId\"\n    ]\n  }\n]\n    at /Users/vidalalvarez/Documents/CODEG/LUMINIA/notification email service/email-notification/src/api/v1/controllers/email.controller.ts:16:13\n    at Generator.next (<anonymous>)\n    at /Users/vidalalvarez/Documents/CODEG/LUMINIA/notification email service/email-notification/src/api/v1/controllers/email.controller.ts:41:71\n    at new Promise (<anonymous>)\n    at __awaiter (/Users/vidalalvarez/Documents/CODEG/LUMINIA/notification email service/email-notification/src/api/v1/controllers/email.controller.ts:37:12)\n    at sendEmailHandler (/Users/vidalalvarez/Documents/CODEG/LUMINIA/notification email service/email-notification/src/api/v1/controllers/email.controller.ts:53:12)\n    at Layer.handleRequest (/Users/vidalalvarez/Documents/CODEG/LUMINIA/notification email service/email-notification/node_modules/.pnpm/router@2.2.0/node_modules/router/lib/layer.js:152:17)\n    at next (/Users/vidalalvarez/Documents/CODEG/LUMINIA/notification email service/email-notification/node_modules/.pnpm/router@2.2.0/node_modules/router/lib/route.js:157:13)\n    at /Users/vidalalvarez/Documents/CODEG/LUMINIA/notification email service/email-notification/src/api/v1/routes/email.routes.ts:20:3\n    at Layer.handleRequest (/Users/vidalalvarez/Documents/CODEG/LUMINIA/notification email service/email-notification/node_modules/.pnpm/router@2.2.0/node_modules/router/lib/layer.js:152:17)","name":"Error"}
