2025-05-15T13:57:48.983Z [error]: Database `email_service` does not exist {"0":"F","1":"a","2":"i","3":"l","4":"e","5":"d","6":" ","7":"t","8":"o","9":" ","10":"s","11":"t","12":"a","13":"r","14":"t","15":" ","16":"s","17":"e","18":"r","19":"v","20":"e","21":"r","stack":"PrismaClientInitializationError: Database `email_service` does not exist\n    at r (/Users/vidalalvarez/Documents/CODEG/LUMINIA/notification email service/email-notification/node_modules/.pnpm/@prisma+client@6.7.0_prisma@6.7.0_typescript@5.8.3__typescript@5.8.3/node_modules/@prisma/client/runtime/library.js:112:2565)","name":"PrismaClientInitializationError"}
2025-05-15T14:00:31.466Z [error]: Database `email_service` does not exist {"0":"F","1":"a","2":"i","3":"l","4":"e","5":"d","6":" ","7":"t","8":"o","9":" ","10":"s","11":"t","12":"a","13":"r","14":"t","15":" ","16":"s","17":"e","18":"r","19":"v","20":"e","21":"r","stack":"PrismaClientInitializationError: Database `email_service` does not exist\n    at r (/Users/vidalalvarez/Documents/CODEG/LUMINIA/notification email service/email-notification/node_modules/.pnpm/@prisma+client@6.7.0_prisma@6.7.0_typescript@5.8.3__typescript@5.8.3/node_modules/@prisma/client/runtime/library.js:112:2565)","name":"PrismaClientInitializationError"}
2025-05-15T14:05:06.219Z [info]: Connected to database 
2025-05-15T14:05:06.222Z [info]: Server running on port 3000 in development mode 
2025-05-15T14:05:06.222Z [info]: Health check available at http://localhost:3000/health 
2025-05-15T14:42:05.004Z [info]: Shutting down server... 
2025-05-15T14:42:05.015Z [info]: Server shut down successfully 
2025-05-15T14:49:41.544Z [info]: Connected to database 
2025-05-15T14:49:41.546Z [info]: Server running on port 3000 in development mode 
2025-05-15T14:49:41.547Z [info]: Health check available at http://localhost:3000/health 
2025-05-15T15:32:28.616Z [info]: Created new authorized system: apisiat 
2025-05-15T15:57:54.258Z [error]: Invalid API key {"stack":"Error: Invalid API key\n    at /Users/vidalalvarez/Documents/CODEG/LUMINIA/notification email service/email-notification/src/api/v1/middlewares/requireAuthorization.ts:31:13\n    at Generator.next (<anonymous>)\n    at fulfilled (/Users/vidalalvarez/Documents/CODEG/LUMINIA/notification email service/email-notification/src/api/v1/middlewares/requireAuthorization.ts:5:58)","name":"Error"}
2025-05-15T21:41:53.804Z [info]: Shutting down server... 
2025-05-15T21:41:53.824Z [info]: Server shut down successfully 
2025-05-16T00:30:39.771Z [info]: Connected to database 
2025-05-16T00:30:39.776Z [info]: Server running on port 3000 in development mode 
2025-05-16T00:30:39.776Z [info]: Health check available at http://localhost:3000/health 
2025-05-16T00:37:11.448Z [info]: Shutting down server... 
2025-05-16T00:37:11.457Z [info]: Server shut down successfully 
2025-05-16T00:37:20.039Z [info]: Connected to database 
2025-05-16T00:37:20.041Z [info]: Server running on port 3000 in development mode 
2025-05-16T00:37:20.041Z [info]: Health check available at http://localhost:3000/health 
2025-05-16T00:45:32.483Z [error]: Not found - /api/v1/email/send {"stack":"Error: Not found - /api/v1/email/send\n    at notFoundHandler (/Users/vidalalvarez/Documents/CODEG/LUMINIA/notification email service/email-notification/src/middleware/errorHandler.ts:35:17)\n    at Layer.handleRequest (/Users/vidalalvarez/Documents/CODEG/LUMINIA/notification email service/email-notification/node_modules/.pnpm/router@2.2.0/node_modules/router/lib/layer.js:152:17)\n    at trimPrefix (/Users/vidalalvarez/Documents/CODEG/LUMINIA/notification email service/email-notification/node_modules/.pnpm/router@2.2.0/node_modules/router/index.js:342:13)\n    at /Users/vidalalvarez/Documents/CODEG/LUMINIA/notification email service/email-notification/node_modules/.pnpm/router@2.2.0/node_modules/router/index.js:297:9\n    at processParams (/Users/vidalalvarez/Documents/CODEG/LUMINIA/notification email service/email-notification/node_modules/.pnpm/router@2.2.0/node_modules/router/index.js:582:12)\n    at next (/Users/vidalalvarez/Documents/CODEG/LUMINIA/notification email service/email-notification/node_modules/.pnpm/router@2.2.0/node_modules/router/index.js:291:5)\n    at /Users/vidalalvarez/Documents/CODEG/LUMINIA/notification email service/email-notification/node_modules/.pnpm/router@2.2.0/node_modules/router/index.js:688:15\n    at next (/Users/vidalalvarez/Documents/CODEG/LUMINIA/notification email service/email-notification/node_modules/.pnpm/router@2.2.0/node_modules/router/index.js:276:14)\n    at Function.handle (/Users/vidalalvarez/Documents/CODEG/LUMINIA/notification email service/email-notification/node_modules/.pnpm/router@2.2.0/node_modules/router/index.js:186:3)\n    at router (/Users/vidalalvarez/Documents/CODEG/LUMINIA/notification email service/email-notification/node_modules/.pnpm/router@2.2.0/node_modules/router/index.js:60:12)","name":"Error"}
2025-05-16T00:45:55.950Z [info]: Connected to database 
2025-05-16T00:45:55.954Z [info]: Server running on port 3000 in development mode 
2025-05-16T00:45:55.954Z [info]: Health check available at http://localhost:3000/health 
2025-05-16T00:46:05.883Z [error]: Not found - /api/v1/email/send {"stack":"Error: Not found - /api/v1/email/send\n    at notFoundHandler (/Users/vidalalvarez/Documents/CODEG/LUMINIA/notification email service/email-notification/src/middleware/errorHandler.ts:35:17)\n    at Layer.handleRequest (/Users/vidalalvarez/Documents/CODEG/LUMINIA/notification email service/email-notification/node_modules/.pnpm/router@2.2.0/node_modules/router/lib/layer.js:152:17)\n    at trimPrefix (/Users/vidalalvarez/Documents/CODEG/LUMINIA/notification email service/email-notification/node_modules/.pnpm/router@2.2.0/node_modules/router/index.js:342:13)\n    at /Users/vidalalvarez/Documents/CODEG/LUMINIA/notification email service/email-notification/node_modules/.pnpm/router@2.2.0/node_modules/router/index.js:297:9\n    at processParams (/Users/vidalalvarez/Documents/CODEG/LUMINIA/notification email service/email-notification/node_modules/.pnpm/router@2.2.0/node_modules/router/index.js:582:12)\n    at next (/Users/vidalalvarez/Documents/CODEG/LUMINIA/notification email service/email-notification/node_modules/.pnpm/router@2.2.0/node_modules/router/index.js:291:5)\n    at /Users/vidalalvarez/Documents/CODEG/LUMINIA/notification email service/email-notification/node_modules/.pnpm/router@2.2.0/node_modules/router/index.js:688:15\n    at next (/Users/vidalalvarez/Documents/CODEG/LUMINIA/notification email service/email-notification/node_modules/.pnpm/router@2.2.0/node_modules/router/index.js:276:14)\n    at Function.handle (/Users/vidalalvarez/Documents/CODEG/LUMINIA/notification email service/email-notification/node_modules/.pnpm/router@2.2.0/node_modules/router/index.js:186:3)\n    at router (/Users/vidalalvarez/Documents/CODEG/LUMINIA/notification email service/email-notification/node_modules/.pnpm/router@2.2.0/node_modules/router/index.js:60:12)","name":"Error"}
2025-05-16T00:46:31.742Z [info]: Shutting down server... 
2025-05-16T00:46:31.753Z [info]: Server shut down successfully 
2025-05-16T00:46:39.644Z [info]: Connected to database 
2025-05-16T00:46:39.646Z [info]: Server running on port 3000 in development mode 
2025-05-16T00:46:39.646Z [info]: Health check available at http://localhost:3000/health 
2025-05-16T00:46:47.153Z [error]: Not found - /api/v1/email/send {"stack":"Error: Not found - /api/v1/email/send\n    at notFoundHandler (/Users/vidalalvarez/Documents/CODEG/LUMINIA/notification email service/email-notification/src/middleware/errorHandler.ts:35:17)\n    at Layer.handleRequest (/Users/vidalalvarez/Documents/CODEG/LUMINIA/notification email service/email-notification/node_modules/.pnpm/router@2.2.0/node_modules/router/lib/layer.js:152:17)\n    at trimPrefix (/Users/vidalalvarez/Documents/CODEG/LUMINIA/notification email service/email-notification/node_modules/.pnpm/router@2.2.0/node_modules/router/index.js:342:13)\n    at /Users/vidalalvarez/Documents/CODEG/LUMINIA/notification email service/email-notification/node_modules/.pnpm/router@2.2.0/node_modules/router/index.js:297:9\n    at processParams (/Users/vidalalvarez/Documents/CODEG/LUMINIA/notification email service/email-notification/node_modules/.pnpm/router@2.2.0/node_modules/router/index.js:582:12)\n    at next (/Users/vidalalvarez/Documents/CODEG/LUMINIA/notification email service/email-notification/node_modules/.pnpm/router@2.2.0/node_modules/router/index.js:291:5)\n    at /Users/vidalalvarez/Documents/CODEG/LUMINIA/notification email service/email-notification/node_modules/.pnpm/router@2.2.0/node_modules/router/index.js:688:15\n    at next (/Users/vidalalvarez/Documents/CODEG/LUMINIA/notification email service/email-notification/node_modules/.pnpm/router@2.2.0/node_modules/router/index.js:276:14)\n    at Function.handle (/Users/vidalalvarez/Documents/CODEG/LUMINIA/notification email service/email-notification/node_modules/.pnpm/router@2.2.0/node_modules/router/index.js:186:3)\n    at router (/Users/vidalalvarez/Documents/CODEG/LUMINIA/notification email service/email-notification/node_modules/.pnpm/router@2.2.0/node_modules/router/index.js:60:12)","name":"Error"}
2025-05-16T00:47:06.605Z [info]: Created initial email log: 2e051c9a-05c9-487e-a923-a5019097c129 
2025-05-16T00:47:07.336Z [error]: Configuration set <EmailServiceConfigSet> does not exist. {"params":{"to":"vidal.r.a.777@gmail.com","subject":"Prueba de Correo Directo"},"stack":"ConfigurationSetDoesNotExist: Configuration set <EmailServiceConfigSet> does not exist.\n    at Request.extractError (/Users/vidalalvarez/Documents/CODEG/LUMINIA/notification email service/email-notification/node_modules/.pnpm/aws-sdk@2.1692.0/node_modules/aws-sdk/lib/protocol/query.js:50:29)\n    at Request.callListeners (/Users/vidalalvarez/Documents/CODEG/LUMINIA/notification email service/email-notification/node_modules/.pnpm/aws-sdk@2.1692.0/node_modules/aws-sdk/lib/sequential_executor.js:106:20)\n    at Request.emit (/Users/vidalalvarez/Documents/CODEG/LUMINIA/notification email service/email-notification/node_modules/.pnpm/aws-sdk@2.1692.0/node_modules/aws-sdk/lib/sequential_executor.js:78:10)\n    at Request.emit (/Users/vidalalvarez/Documents/CODEG/LUMINIA/notification email service/email-notification/node_modules/.pnpm/aws-sdk@2.1692.0/node_modules/aws-sdk/lib/request.js:686:14)\n    at Request.transition (/Users/vidalalvarez/Documents/CODEG/LUMINIA/notification email service/email-notification/node_modules/.pnpm/aws-sdk@2.1692.0/node_modules/aws-sdk/lib/request.js:22:10)\n    at AcceptorStateMachine.runTo (/Users/vidalalvarez/Documents/CODEG/LUMINIA/notification email service/email-notification/node_modules/.pnpm/aws-sdk@2.1692.0/node_modules/aws-sdk/lib/state_machine.js:14:12)\n    at /Users/vidalalvarez/Documents/CODEG/LUMINIA/notification email service/email-notification/node_modules/.pnpm/aws-sdk@2.1692.0/node_modules/aws-sdk/lib/state_machine.js:26:10\n    at Request.<anonymous> (/Users/vidalalvarez/Documents/CODEG/LUMINIA/notification email service/email-notification/node_modules/.pnpm/aws-sdk@2.1692.0/node_modules/aws-sdk/lib/request.js:38:9)\n    at Request.<anonymous> (/Users/vidalalvarez/Documents/CODEG/LUMINIA/notification email service/email-notification/node_modules/.pnpm/aws-sdk@2.1692.0/node_modules/aws-sdk/lib/request.js:688:12)\n    at Request.callListeners (/Users/vidalalvarez/Documents/CODEG/LUMINIA/notification email service/email-notification/node_modules/.pnpm/aws-sdk@2.1692.0/node_modules/aws-sdk/lib/sequential_executor.js:116:18)","name":"ConfigurationSetDoesNotExist"}
2025-05-16T00:47:07.341Z [info]: Updated email log with error: 2e051c9a-05c9-487e-a923-a5019097c129 
2025-05-16T00:47:07.341Z [error]: Failed to send email {"error":{"message":"Configuration set <EmailServiceConfigSet> does not exist.","code":"ConfigurationSetDoesNotExist","time":"2025-05-16T00:47:07.335Z","requestId":"cffabc4f-2aa0-44a5-808b-cd4ff67e3b4f","statusCode":400,"retryable":false,"retryDelay":71.52201927432853},"emailId":"2e051c9a-05c9-487e-a923-a5019097c129"}
2025-05-16T00:47:07.343Z [error]: Cannot set headers after they are sent to the client {"stack":"Error: Cannot set headers after they are sent to the client\n    at ServerResponse.setHeader (node:_http_outgoing:659:11)\n    at ServerResponse.header (/Users/vidalalvarez/Documents/CODEG/LUMINIA/notification email service/email-notification/node_modules/.pnpm/express@5.1.0/node_modules/express/lib/response.js:684:10)\n    at ServerResponse.send (/Users/vidalalvarez/Documents/CODEG/LUMINIA/notification email service/email-notification/node_modules/.pnpm/express@5.1.0/node_modules/express/lib/response.js:161:12)\n    at ServerResponse.json (/Users/vidalalvarez/Documents/CODEG/LUMINIA/notification email service/email-notification/node_modules/.pnpm/express@5.1.0/node_modules/express/lib/response.js:250:15)\n    at /Users/vidalalvarez/Documents/CODEG/LUMINIA/notification email service/email-notification/src/api/v1/controllers/email.controller.ts:60:30\n    at Generator.next (<anonymous>)\n    at fulfilled (/Users/vidalalvarez/Documents/CODEG/LUMINIA/notification email service/email-notification/src/api/v1/controllers/email.controller.ts:38:58)","name":"Error"}
2025-05-16T00:58:13.079Z [info]: Shutting down server... 
2025-05-16T00:58:13.088Z [info]: Server shut down successfully 
2025-05-16T00:58:18.205Z [info]: Connected to database 
2025-05-16T00:58:18.207Z [info]: Server running on port 3000 in development mode 
2025-05-16T00:58:18.208Z [info]: Health check available at http://localhost:3000/health 
2025-05-16T00:59:42.326Z [info]: Created initial email log: f700e11a-33ce-4d92-90a6-a43f532dbaf8 
2025-05-16T00:59:43.545Z [error]: Configuration set <EmailServiceConfigSet> does not exist. {"params":{"to":"vidal.r.a.777@gmail.com","subject":"Prueba de Correo Directo"},"stack":"ConfigurationSetDoesNotExist: Configuration set <EmailServiceConfigSet> does not exist.\n    at Request.extractError (/Users/vidalalvarez/Documents/CODEG/LUMINIA/notification email service/email-notification/node_modules/.pnpm/aws-sdk@2.1692.0/node_modules/aws-sdk/lib/protocol/query.js:50:29)\n    at Request.callListeners (/Users/vidalalvarez/Documents/CODEG/LUMINIA/notification email service/email-notification/node_modules/.pnpm/aws-sdk@2.1692.0/node_modules/aws-sdk/lib/sequential_executor.js:106:20)\n    at Request.emit (/Users/vidalalvarez/Documents/CODEG/LUMINIA/notification email service/email-notification/node_modules/.pnpm/aws-sdk@2.1692.0/node_modules/aws-sdk/lib/sequential_executor.js:78:10)\n    at Request.emit (/Users/vidalalvarez/Documents/CODEG/LUMINIA/notification email service/email-notification/node_modules/.pnpm/aws-sdk@2.1692.0/node_modules/aws-sdk/lib/request.js:686:14)\n    at Request.transition (/Users/vidalalvarez/Documents/CODEG/LUMINIA/notification email service/email-notification/node_modules/.pnpm/aws-sdk@2.1692.0/node_modules/aws-sdk/lib/request.js:22:10)\n    at AcceptorStateMachine.runTo (/Users/vidalalvarez/Documents/CODEG/LUMINIA/notification email service/email-notification/node_modules/.pnpm/aws-sdk@2.1692.0/node_modules/aws-sdk/lib/state_machine.js:14:12)\n    at /Users/vidalalvarez/Documents/CODEG/LUMINIA/notification email service/email-notification/node_modules/.pnpm/aws-sdk@2.1692.0/node_modules/aws-sdk/lib/state_machine.js:26:10\n    at Request.<anonymous> (/Users/vidalalvarez/Documents/CODEG/LUMINIA/notification email service/email-notification/node_modules/.pnpm/aws-sdk@2.1692.0/node_modules/aws-sdk/lib/request.js:38:9)\n    at Request.<anonymous> (/Users/vidalalvarez/Documents/CODEG/LUMINIA/notification email service/email-notification/node_modules/.pnpm/aws-sdk@2.1692.0/node_modules/aws-sdk/lib/request.js:688:12)\n    at Request.callListeners (/Users/vidalalvarez/Documents/CODEG/LUMINIA/notification email service/email-notification/node_modules/.pnpm/aws-sdk@2.1692.0/node_modules/aws-sdk/lib/sequential_executor.js:116:18)","name":"ConfigurationSetDoesNotExist"}
2025-05-16T00:59:43.551Z [info]: Updated email log with error: f700e11a-33ce-4d92-90a6-a43f532dbaf8 
2025-05-16T00:59:43.552Z [error]: Failed to send email {"error":{"message":"Configuration set <EmailServiceConfigSet> does not exist.","code":"ConfigurationSetDoesNotExist","time":"2025-05-16T00:59:43.543Z","requestId":"6470fed2-b974-4a2e-86a0-e6ca326ec8b8","statusCode":400,"retryable":false,"retryDelay":94.41177436404769},"emailId":"f700e11a-33ce-4d92-90a6-a43f532dbaf8"}
2025-05-16T01:18:44.565Z [info]: Shutting down server... 
2025-05-16T01:18:44.587Z [info]: Server shut down successfully 
2025-05-16T01:18:50.871Z [info]: Connected to database 
2025-05-16T01:18:50.875Z [info]: Server running on port 3000 in development mode 
2025-05-16T01:18:50.875Z [info]: Health check available at http://localhost:3000/health 
2025-05-16T01:18:58.488Z [info]: Created initial email log: 4cc7918b-7325-47cd-b14b-f56985b5d157 
2025-05-16T01:18:59.387Z [error]: Configuration set <EmailServiceConfigSet> does not exist. {"params":{"to":"vidal.r.a.777@gmail.com","subject":"Prueba de Correo Directo"},"stack":"ConfigurationSetDoesNotExist: Configuration set <EmailServiceConfigSet> does not exist.\n    at Request.extractError (/Users/vidalalvarez/Documents/CODEG/LUMINIA/notification email service/email-notification/node_modules/.pnpm/aws-sdk@2.1692.0/node_modules/aws-sdk/lib/protocol/query.js:50:29)\n    at Request.callListeners (/Users/vidalalvarez/Documents/CODEG/LUMINIA/notification email service/email-notification/node_modules/.pnpm/aws-sdk@2.1692.0/node_modules/aws-sdk/lib/sequential_executor.js:106:20)\n    at Request.emit (/Users/vidalalvarez/Documents/CODEG/LUMINIA/notification email service/email-notification/node_modules/.pnpm/aws-sdk@2.1692.0/node_modules/aws-sdk/lib/sequential_executor.js:78:10)\n    at Request.emit (/Users/vidalalvarez/Documents/CODEG/LUMINIA/notification email service/email-notification/node_modules/.pnpm/aws-sdk@2.1692.0/node_modules/aws-sdk/lib/request.js:686:14)\n    at Request.transition (/Users/vidalalvarez/Documents/CODEG/LUMINIA/notification email service/email-notification/node_modules/.pnpm/aws-sdk@2.1692.0/node_modules/aws-sdk/lib/request.js:22:10)\n    at AcceptorStateMachine.runTo (/Users/vidalalvarez/Documents/CODEG/LUMINIA/notification email service/email-notification/node_modules/.pnpm/aws-sdk@2.1692.0/node_modules/aws-sdk/lib/state_machine.js:14:12)\n    at /Users/vidalalvarez/Documents/CODEG/LUMINIA/notification email service/email-notification/node_modules/.pnpm/aws-sdk@2.1692.0/node_modules/aws-sdk/lib/state_machine.js:26:10\n    at Request.<anonymous> (/Users/vidalalvarez/Documents/CODEG/LUMINIA/notification email service/email-notification/node_modules/.pnpm/aws-sdk@2.1692.0/node_modules/aws-sdk/lib/request.js:38:9)\n    at Request.<anonymous> (/Users/vidalalvarez/Documents/CODEG/LUMINIA/notification email service/email-notification/node_modules/.pnpm/aws-sdk@2.1692.0/node_modules/aws-sdk/lib/request.js:688:12)\n    at Request.callListeners (/Users/vidalalvarez/Documents/CODEG/LUMINIA/notification email service/email-notification/node_modules/.pnpm/aws-sdk@2.1692.0/node_modules/aws-sdk/lib/sequential_executor.js:116:18)","name":"ConfigurationSetDoesNotExist"}
2025-05-16T01:18:59.392Z [info]: Updated email log with error: 4cc7918b-7325-47cd-b14b-f56985b5d157 
2025-05-16T01:18:59.392Z [error]: Failed to send email {"error":{"message":"Configuration set <EmailServiceConfigSet> does not exist.","code":"ConfigurationSetDoesNotExist","time":"2025-05-16T01:18:59.384Z","requestId":"12bfcf4d-5ff4-4654-a7ea-23c1569dcee3","statusCode":400,"retryable":false,"retryDelay":36.148841763945484},"emailId":"4cc7918b-7325-47cd-b14b-f56985b5d157"}
2025-05-16T01:28:30.641Z [info]: Shutting down server... 
2025-05-16T01:28:30.650Z [info]: Server shut down successfully 
2025-05-16T01:28:31.074Z [info]: Connected to database 
2025-05-16T01:28:31.076Z [info]: Server running on port 3000 in development mode 
2025-05-16T01:28:31.076Z [info]: Health check available at http://localhost:3000/health 
2025-05-16T01:28:35.043Z [info]: Created initial email log: 0b709731-f921-44ad-9f3c-a26e03fb310b 
2025-05-16T01:28:35.714Z [error]: Configuration set <EmailServiceConfigSet> does not exist. {"params":{"to":"vidal.r.a.777@gmail.com","subject":"Prueba de Correo Directo"},"stack":"ConfigurationSetDoesNotExist: Configuration set <EmailServiceConfigSet> does not exist.\n    at Request.extractError (/Users/vidalalvarez/Documents/CODEG/LUMINIA/notification email service/email-notification/node_modules/.pnpm/aws-sdk@2.1692.0/node_modules/aws-sdk/lib/protocol/query.js:50:29)\n    at Request.callListeners (/Users/vidalalvarez/Documents/CODEG/LUMINIA/notification email service/email-notification/node_modules/.pnpm/aws-sdk@2.1692.0/node_modules/aws-sdk/lib/sequential_executor.js:106:20)\n    at Request.emit (/Users/vidalalvarez/Documents/CODEG/LUMINIA/notification email service/email-notification/node_modules/.pnpm/aws-sdk@2.1692.0/node_modules/aws-sdk/lib/sequential_executor.js:78:10)\n    at Request.emit (/Users/vidalalvarez/Documents/CODEG/LUMINIA/notification email service/email-notification/node_modules/.pnpm/aws-sdk@2.1692.0/node_modules/aws-sdk/lib/request.js:686:14)\n    at Request.transition (/Users/vidalalvarez/Documents/CODEG/LUMINIA/notification email service/email-notification/node_modules/.pnpm/aws-sdk@2.1692.0/node_modules/aws-sdk/lib/request.js:22:10)\n    at AcceptorStateMachine.runTo (/Users/vidalalvarez/Documents/CODEG/LUMINIA/notification email service/email-notification/node_modules/.pnpm/aws-sdk@2.1692.0/node_modules/aws-sdk/lib/state_machine.js:14:12)\n    at /Users/vidalalvarez/Documents/CODEG/LUMINIA/notification email service/email-notification/node_modules/.pnpm/aws-sdk@2.1692.0/node_modules/aws-sdk/lib/state_machine.js:26:10\n    at Request.<anonymous> (/Users/vidalalvarez/Documents/CODEG/LUMINIA/notification email service/email-notification/node_modules/.pnpm/aws-sdk@2.1692.0/node_modules/aws-sdk/lib/request.js:38:9)\n    at Request.<anonymous> (/Users/vidalalvarez/Documents/CODEG/LUMINIA/notification email service/email-notification/node_modules/.pnpm/aws-sdk@2.1692.0/node_modules/aws-sdk/lib/request.js:688:12)\n    at Request.callListeners (/Users/vidalalvarez/Documents/CODEG/LUMINIA/notification email service/email-notification/node_modules/.pnpm/aws-sdk@2.1692.0/node_modules/aws-sdk/lib/sequential_executor.js:116:18)","name":"ConfigurationSetDoesNotExist"}
2025-05-16T01:28:35.718Z [info]: Updated email log with error: 0b709731-f921-44ad-9f3c-a26e03fb310b 
2025-05-16T01:28:35.718Z [error]: Failed to send email {"error":{"message":"Configuration set <EmailServiceConfigSet> does not exist.","code":"ConfigurationSetDoesNotExist","time":"2025-05-16T01:28:35.713Z","requestId":"50a17b17-3cc1-4329-a9ba-8ae75c953750","statusCode":400,"retryable":false,"retryDelay":55.42126922981512},"emailId":"0b709731-f921-44ad-9f3c-a26e03fb310b"}
2025-05-16T01:36:05.081Z [info]: Shutting down server... 
2025-05-16T01:36:05.093Z [info]: Server shut down successfully 
2025-05-16T01:36:05.551Z [info]: Connected to database 
2025-05-16T01:36:05.553Z [info]: Server running on port 3000 in development mode 
2025-05-16T01:36:05.553Z [info]: Health check available at http://localhost:3000/health 
2025-05-16T01:36:10.472Z [info]: Created initial email log: da80e1df-b95b-48b1-926c-a53e66a4e19e 
2025-05-16T01:36:11.452Z [info]: Email sent successfully: 010f0196d6bc104e-8089b12c-2166-4283-8da4-d4b561a1eac5-000000 {"messageId":"010f0196d6bc104e-8089b12c-2166-4283-8da4-d4b561a1eac5-000000","to":"vidal.r.a.777@gmail.com"}
2025-05-16T01:36:11.461Z [info]: Updated email log status: da80e1df-b95b-48b1-926c-a53e66a4e19e -> QUEUED 
2025-05-16T01:45:27.083Z [info]: Created initial email log: da9a657f-c750-40e1-b85e-746b095afde6 
2025-05-16T01:45:27.796Z [error]: Email address is not verified. The following identities failed the check in region US-EAST-2: iadevs@gmail.com {"params":{"to":"iadevs@gmail.com","subject":"Prueba de Correo Directo"},"stack":"MessageRejected: Email address is not verified. The following identities failed the check in region US-EAST-2: iadevs@gmail.com\n    at Request.extractError (/Users/vidalalvarez/Documents/CODEG/LUMINIA/notification email service/email-notification/node_modules/.pnpm/aws-sdk@2.1692.0/node_modules/aws-sdk/lib/protocol/query.js:50:29)\n    at Request.callListeners (/Users/vidalalvarez/Documents/CODEG/LUMINIA/notification email service/email-notification/node_modules/.pnpm/aws-sdk@2.1692.0/node_modules/aws-sdk/lib/sequential_executor.js:106:20)\n    at Request.emit (/Users/vidalalvarez/Documents/CODEG/LUMINIA/notification email service/email-notification/node_modules/.pnpm/aws-sdk@2.1692.0/node_modules/aws-sdk/lib/sequential_executor.js:78:10)\n    at Request.emit (/Users/vidalalvarez/Documents/CODEG/LUMINIA/notification email service/email-notification/node_modules/.pnpm/aws-sdk@2.1692.0/node_modules/aws-sdk/lib/request.js:686:14)\n    at Request.transition (/Users/vidalalvarez/Documents/CODEG/LUMINIA/notification email service/email-notification/node_modules/.pnpm/aws-sdk@2.1692.0/node_modules/aws-sdk/lib/request.js:22:10)\n    at AcceptorStateMachine.runTo (/Users/vidalalvarez/Documents/CODEG/LUMINIA/notification email service/email-notification/node_modules/.pnpm/aws-sdk@2.1692.0/node_modules/aws-sdk/lib/state_machine.js:14:12)\n    at /Users/vidalalvarez/Documents/CODEG/LUMINIA/notification email service/email-notification/node_modules/.pnpm/aws-sdk@2.1692.0/node_modules/aws-sdk/lib/state_machine.js:26:10\n    at Request.<anonymous> (/Users/vidalalvarez/Documents/CODEG/LUMINIA/notification email service/email-notification/node_modules/.pnpm/aws-sdk@2.1692.0/node_modules/aws-sdk/lib/request.js:38:9)\n    at Request.<anonymous> (/Users/vidalalvarez/Documents/CODEG/LUMINIA/notification email service/email-notification/node_modules/.pnpm/aws-sdk@2.1692.0/node_modules/aws-sdk/lib/request.js:688:12)\n    at Request.callListeners (/Users/vidalalvarez/Documents/CODEG/LUMINIA/notification email service/email-notification/node_modules/.pnpm/aws-sdk@2.1692.0/node_modules/aws-sdk/lib/sequential_executor.js:116:18)","name":"MessageRejected"}
2025-05-16T01:45:27.801Z [info]: Updated email log with error: da9a657f-c750-40e1-b85e-746b095afde6 
2025-05-16T01:45:27.801Z [error]: Failed to send email {"error":{"message":"Email address is not verified. The following identities failed the check in region US-EAST-2: iadevs@gmail.com","code":"MessageRejected","time":"2025-05-16T01:45:27.794Z","requestId":"fa5f9914-dd3e-471b-83fc-47a7710ee208","statusCode":400,"retryable":false,"retryDelay":78.04411579292643},"emailId":"da9a657f-c750-40e1-b85e-746b095afde6"}
2025-05-16T03:13:51.030Z [info]: Created initial email log: d48b0849-2cdc-423a-b64e-fa1301b19120 
2025-05-16T03:13:52.466Z [info]: Email sent successfully: 010f0196d7157f36-b2be3ebc-0c80-4997-8398-8de43c33f9f3-000000 {"messageId":"010f0196d7157f36-b2be3ebc-0c80-4997-8398-8de43c33f9f3-000000","to":["vidal.r.a.777@gmail.com","iadevs7@gmail.com"]}
2025-05-16T03:13:52.475Z [info]: Updated email log status: d48b0849-2cdc-423a-b64e-fa1301b19120 -> QUEUED 
2025-05-16T03:20:30.713Z [info]: Created initial email log: c5aae6c6-8bab-46ea-b801-c7852973d569 
2025-05-16T03:20:30.713Z [warn]: Attachments functionality not yet implemented 
2025-05-16T03:20:31.443Z [info]: Email sent successfully: 010f0196d71b95b4-4e32f35b-2ccd-48e0-84f6-6a3b78a2b776-000000 {"messageId":"010f0196d71b95b4-4e32f35b-2ccd-48e0-84f6-6a3b78a2b776-000000","to":"iadevs7@gmail.com"}
2025-05-16T03:20:31.451Z [info]: Updated email log status: c5aae6c6-8bab-46ea-b801-c7852973d569 -> QUEUED 
2025-05-16T03:25:47.123Z [info]: Created initial email log: a181bf7e-054f-4f33-8f34-9e5dd2c4603a 
2025-05-16T03:25:47.124Z [warn]: Attachments functionality not yet implemented 
2025-05-16T03:25:47.839Z [info]: Email sent successfully: 010f0196d72069a7-4860ed25-0c1d-4501-928b-d08fc57c83ef-000000 {"messageId":"010f0196d72069a7-4860ed25-0c1d-4501-928b-d08fc57c83ef-000000","to":"vidal.r.a.777@gmail.com"}
2025-05-16T03:25:47.847Z [info]: Updated email log status: a181bf7e-054f-4f33-8f34-9e5dd2c4603a -> QUEUED 
2025-05-16T03:29:27.470Z [info]: Created initial email log: a1ca2175-8e62-4b15-89ed-9441d71a8373 
2025-05-16T03:29:27.471Z [warn]: Attachments functionality not yet implemented 
2025-05-16T03:29:28.364Z [info]: Email sent successfully: 010f0196d723c700-eaf7785d-70d0-4c46-b41f-d8b970dfffcc-000000 {"messageId":"010f0196d723c700-eaf7785d-70d0-4c46-b41f-d8b970dfffcc-000000","to":"vidal.r.a.777@gmail.com"}
2025-05-16T03:29:28.368Z [info]: Updated email log status: a1ca2175-8e62-4b15-89ed-9441d71a8373 -> QUEUED 
2025-05-16T03:38:37.530Z [info]: Shutting down server... 
2025-05-16T03:38:37.548Z [info]: Server shut down successfully 
2025-05-16T03:45:52.163Z [info]: Connected to database 
2025-05-16T03:45:52.165Z [info]: Server running on port 3000 in development mode 
2025-05-16T03:45:52.165Z [info]: Health check available at http://localhost:3000/health 
2025-05-16T03:56:56.716Z [info]: Created initial email log: 6a832335-e79e-4c70-ace5-3a3b4bfce503 
2025-05-16T03:56:58.264Z [info]: Email with attachments sent successfully: <010f0196d73cf459-2a39d562-9be0-4059-9c4e-439aca58000d-000000@us-east-2.amazonses.com> {"messageId":"<010f0196d73cf459-2a39d562-9be0-4059-9c4e-439aca58000d-000000@us-east-2.amazonses.com>","to":"vidal.r.a.777@gmail.com","attachments":["factura.pdf"]}
2025-05-16T03:56:58.271Z [info]: Updated email log status: 6a832335-e79e-4c70-ace5-3a3b4bfce503 -> QUEUED 
2025-05-16T03:58:40.558Z [info]: Created initial email log: bb29d147-7b12-4784-a505-952d96d80112 
2025-05-16T03:58:41.277Z [info]: Email sent successfully: 010f0196d73e86c7-aff3a498-be59-4200-a8b8-0d19e4b8e5f2-000000 {"messageId":"010f0196d73e86c7-aff3a498-be59-4200-a8b8-0d19e4b8e5f2-000000","to":"iadevs7@gmail.com"}
2025-05-16T03:58:41.283Z [info]: Updated email log status: bb29d147-7b12-4784-a505-952d96d80112 -> QUEUED 
