2025-05-16T04:05:16.685Z [info]: Shutting down server... 
2025-05-16T04:05:16.705Z [info]: Server shut down successfully 
2025-05-16T04:11:21.419Z [info]: Connected to database 
2025-05-16T04:11:21.421Z [info]: Server running on port 3000 in development mode 
2025-05-16T04:11:21.421Z [info]: Health check available at http://localhost:3000/health 
2025-05-16T04:11:25.672Z [error]: Invalid request data: [
  {
    "validation": "uuid",
    "code": "invalid_string",
    "message": "ID de plantilla inv치lido",
    "path": [
      "templateId"
    ]
  }
] {"stack":"Error: Invalid request data: [\n  {\n    \"validation\": \"uuid\",\n    \"code\": \"invalid_string\",\n    \"message\": \"ID de plantilla inv치lido\",\n    \"path\": [\n      \"templateId\"\n    ]\n  }\n]\n    at /Users/vidalalvarez/Documents/CODEG/LUMINIA/notification email service/email-notification/src/api/v1/controllers/email.controller.ts:16:13\n    at Generator.next (<anonymous>)\n    at /Users/vidalalvarez/Documents/CODEG/LUMINIA/notification email service/email-notification/src/api/v1/controllers/email.controller.ts:41:71\n    at new Promise (<anonymous>)\n    at __awaiter (/Users/vidalalvarez/Documents/CODEG/LUMINIA/notification email service/email-notification/src/api/v1/controllers/email.controller.ts:37:12)\n    at sendEmailHandler (/Users/vidalalvarez/Documents/CODEG/LUMINIA/notification email service/email-notification/src/api/v1/controllers/email.controller.ts:53:12)\n    at Layer.handleRequest (/Users/vidalalvarez/Documents/CODEG/LUMINIA/notification email service/email-notification/node_modules/.pnpm/router@2.2.0/node_modules/router/lib/layer.js:152:17)\n    at next (/Users/vidalalvarez/Documents/CODEG/LUMINIA/notification email service/email-notification/node_modules/.pnpm/router@2.2.0/node_modules/router/lib/route.js:157:13)\n    at /Users/vidalalvarez/Documents/CODEG/LUMINIA/notification email service/email-notification/src/api/v1/routes/email.routes.ts:20:3\n    at Layer.handleRequest (/Users/vidalalvarez/Documents/CODEG/LUMINIA/notification email service/email-notification/node_modules/.pnpm/router@2.2.0/node_modules/router/lib/layer.js:152:17)","name":"Error"}
2025-05-16T04:12:47.208Z [error]: Invalid request data: [
  {
    "validation": "uuid",
    "code": "invalid_string",
    "message": "ID de plantilla inv치lido",
    "path": [
      "templateId"
    ]
  }
] {"stack":"Error: Invalid request data: [\n  {\n    \"validation\": \"uuid\",\n    \"code\": \"invalid_string\",\n    \"message\": \"ID de plantilla inv치lido\",\n    \"path\": [\n      \"templateId\"\n    ]\n  }\n]\n    at /Users/vidalalvarez/Documents/CODEG/LUMINIA/notification email service/email-notification/src/api/v1/controllers/email.controller.ts:16:13\n    at Generator.next (<anonymous>)\n    at /Users/vidalalvarez/Documents/CODEG/LUMINIA/notification email service/email-notification/src/api/v1/controllers/email.controller.ts:41:71\n    at new Promise (<anonymous>)\n    at __awaiter (/Users/vidalalvarez/Documents/CODEG/LUMINIA/notification email service/email-notification/src/api/v1/controllers/email.controller.ts:37:12)\n    at sendEmailHandler (/Users/vidalalvarez/Documents/CODEG/LUMINIA/notification email service/email-notification/src/api/v1/controllers/email.controller.ts:53:12)\n    at Layer.handleRequest (/Users/vidalalvarez/Documents/CODEG/LUMINIA/notification email service/email-notification/node_modules/.pnpm/router@2.2.0/node_modules/router/lib/layer.js:152:17)\n    at next (/Users/vidalalvarez/Documents/CODEG/LUMINIA/notification email service/email-notification/node_modules/.pnpm/router@2.2.0/node_modules/router/lib/route.js:157:13)\n    at /Users/vidalalvarez/Documents/CODEG/LUMINIA/notification email service/email-notification/src/api/v1/routes/email.routes.ts:20:3\n    at Layer.handleRequest (/Users/vidalalvarez/Documents/CODEG/LUMINIA/notification email service/email-notification/node_modules/.pnpm/router@2.2.0/node_modules/router/lib/layer.js:152:17)","name":"Error"}
2025-05-16T04:13:24.093Z [info]: Created initial email log: c4203853-2dbd-40bf-9150-32cc48cb6a98 
2025-05-16T04:13:24.886Z [info]: Email sent successfully: 010f0196d74c021c-bcf73555-47d9-426b-be10-e622254f0485-000000 {"messageId":"010f0196d74c021c-bcf73555-47d9-426b-be10-e622254f0485-000000","to":"iadevs7@gmail.com"}
2025-05-16T04:13:24.895Z [info]: Updated email log status: c4203853-2dbd-40bf-9150-32cc48cb6a98 -> QUEUED 
2025-05-16T04:16:13.659Z [info]: Created initial email log: 9a63f277-a8aa-443c-982e-22bc39990fe0 
2025-05-16T04:16:14.340Z [info]: Email sent successfully: 010f0196d74e9819-2ad59b75-8830-4013-a80a-72befa89f7bb-000000 {"messageId":"010f0196d74e9819-2ad59b75-8830-4013-a80a-72befa89f7bb-000000","to":"iadevs7@gmail.com"}
2025-05-16T04:16:14.350Z [info]: Updated email log status: 9a63f277-a8aa-443c-982e-22bc39990fe0 -> QUEUED 
2025-05-16T04:21:21.847Z [info]: Shutting down server... 
2025-05-16T04:21:21.856Z [info]: Server shut down successfully 
2025-05-16T23:11:56.591Z [info]: Connected to database 
2025-05-16T23:11:56.593Z [info]: Server running on port 3000 in development mode 
2025-05-16T23:11:56.593Z [info]: Health check available at http://localhost:3000/health 
2025-05-16T23:12:03.293Z [error]: Not found - /api/v1/email/template {"stack":"Error: Not found - /api/v1/email/template\n    at notFoundHandler (/Users/vidalalvarez/Documents/CODEG/LUMINIA/notification email service/email-notification/src/middleware/errorHandler.ts:35:17)\n    at Layer.handleRequest (/Users/vidalalvarez/Documents/CODEG/LUMINIA/notification email service/email-notification/node_modules/.pnpm/router@2.2.0/node_modules/router/lib/layer.js:152:17)\n    at trimPrefix (/Users/vidalalvarez/Documents/CODEG/LUMINIA/notification email service/email-notification/node_modules/.pnpm/router@2.2.0/node_modules/router/index.js:342:13)\n    at /Users/vidalalvarez/Documents/CODEG/LUMINIA/notification email service/email-notification/node_modules/.pnpm/router@2.2.0/node_modules/router/index.js:297:9\n    at processParams (/Users/vidalalvarez/Documents/CODEG/LUMINIA/notification email service/email-notification/node_modules/.pnpm/router@2.2.0/node_modules/router/index.js:582:12)\n    at next (/Users/vidalalvarez/Documents/CODEG/LUMINIA/notification email service/email-notification/node_modules/.pnpm/router@2.2.0/node_modules/router/index.js:291:5)\n    at /Users/vidalalvarez/Documents/CODEG/LUMINIA/notification email service/email-notification/node_modules/.pnpm/router@2.2.0/node_modules/router/index.js:688:15\n    at next (/Users/vidalalvarez/Documents/CODEG/LUMINIA/notification email service/email-notification/node_modules/.pnpm/router@2.2.0/node_modules/router/index.js:276:14)\n    at Function.handle (/Users/vidalalvarez/Documents/CODEG/LUMINIA/notification email service/email-notification/node_modules/.pnpm/router@2.2.0/node_modules/router/index.js:186:3)\n    at router (/Users/vidalalvarez/Documents/CODEG/LUMINIA/notification email service/email-notification/node_modules/.pnpm/router@2.2.0/node_modules/router/index.js:60:12)","name":"Error"}
2025-05-16T23:13:20.970Z [info]: Shutting down server... 
2025-05-16T23:13:20.979Z [info]: Server shut down successfully 
2025-05-16T23:13:21.375Z [info]: Connected to database 
2025-05-16T23:13:21.377Z [info]: Server running on port 3000 in development mode 
2025-05-16T23:13:21.377Z [info]: Health check available at http://localhost:3000/health 
2025-05-16T23:13:24.470Z [error]: Not found - /api/v1/email/template {"stack":"Error: Not found - /api/v1/email/template\n    at notFoundHandler (/Users/vidalalvarez/Documents/CODEG/LUMINIA/notification email service/email-notification/src/middleware/errorHandler.ts:35:17)\n    at Layer.handleRequest (/Users/vidalalvarez/Documents/CODEG/LUMINIA/notification email service/email-notification/node_modules/.pnpm/router@2.2.0/node_modules/router/lib/layer.js:152:17)\n    at trimPrefix (/Users/vidalalvarez/Documents/CODEG/LUMINIA/notification email service/email-notification/node_modules/.pnpm/router@2.2.0/node_modules/router/index.js:342:13)\n    at /Users/vidalalvarez/Documents/CODEG/LUMINIA/notification email service/email-notification/node_modules/.pnpm/router@2.2.0/node_modules/router/index.js:297:9\n    at processParams (/Users/vidalalvarez/Documents/CODEG/LUMINIA/notification email service/email-notification/node_modules/.pnpm/router@2.2.0/node_modules/router/index.js:582:12)\n    at next (/Users/vidalalvarez/Documents/CODEG/LUMINIA/notification email service/email-notification/node_modules/.pnpm/router@2.2.0/node_modules/router/index.js:291:5)\n    at /Users/vidalalvarez/Documents/CODEG/LUMINIA/notification email service/email-notification/node_modules/.pnpm/router@2.2.0/node_modules/router/index.js:688:15\n    at next (/Users/vidalalvarez/Documents/CODEG/LUMINIA/notification email service/email-notification/node_modules/.pnpm/router@2.2.0/node_modules/router/index.js:276:14)\n    at Function.handle (/Users/vidalalvarez/Documents/CODEG/LUMINIA/notification email service/email-notification/node_modules/.pnpm/router@2.2.0/node_modules/router/index.js:186:3)\n    at router (/Users/vidalalvarez/Documents/CODEG/LUMINIA/notification email service/email-notification/node_modules/.pnpm/router@2.2.0/node_modules/router/index.js:60:12)","name":"Error"}
2025-05-16T23:13:46.545Z [info]: Shutting down server... 
2025-05-16T23:13:46.552Z [info]: Server shut down successfully 
2025-05-16T23:13:46.946Z [info]: Connected to database 
2025-05-16T23:13:46.948Z [info]: Server running on port 3000 in development mode 
2025-05-16T23:13:46.948Z [info]: Health check available at http://localhost:3000/health 
2025-05-16T23:13:52.808Z [error]: Not found - /api/v1/email/template {"stack":"Error: Not found - /api/v1/email/template\n    at notFoundHandler (/Users/vidalalvarez/Documents/CODEG/LUMINIA/notification email service/email-notification/src/middleware/errorHandler.ts:35:17)\n    at Layer.handleRequest (/Users/vidalalvarez/Documents/CODEG/LUMINIA/notification email service/email-notification/node_modules/.pnpm/router@2.2.0/node_modules/router/lib/layer.js:152:17)\n    at trimPrefix (/Users/vidalalvarez/Documents/CODEG/LUMINIA/notification email service/email-notification/node_modules/.pnpm/router@2.2.0/node_modules/router/index.js:342:13)\n    at /Users/vidalalvarez/Documents/CODEG/LUMINIA/notification email service/email-notification/node_modules/.pnpm/router@2.2.0/node_modules/router/index.js:297:9\n    at processParams (/Users/vidalalvarez/Documents/CODEG/LUMINIA/notification email service/email-notification/node_modules/.pnpm/router@2.2.0/node_modules/router/index.js:582:12)\n    at next (/Users/vidalalvarez/Documents/CODEG/LUMINIA/notification email service/email-notification/node_modules/.pnpm/router@2.2.0/node_modules/router/index.js:291:5)\n    at /Users/vidalalvarez/Documents/CODEG/LUMINIA/notification email service/email-notification/node_modules/.pnpm/router@2.2.0/node_modules/router/index.js:688:15\n    at next (/Users/vidalalvarez/Documents/CODEG/LUMINIA/notification email service/email-notification/node_modules/.pnpm/router@2.2.0/node_modules/router/index.js:276:14)\n    at Function.handle (/Users/vidalalvarez/Documents/CODEG/LUMINIA/notification email service/email-notification/node_modules/.pnpm/router@2.2.0/node_modules/router/index.js:186:3)\n    at router (/Users/vidalalvarez/Documents/CODEG/LUMINIA/notification email service/email-notification/node_modules/.pnpm/router@2.2.0/node_modules/router/index.js:60:12)","name":"Error"}
2025-05-16T23:14:33.132Z [info]: Shutting down server... 
2025-05-16T23:14:33.142Z [info]: Server shut down successfully 
2025-05-16T23:14:33.623Z [info]: Connected to database 
2025-05-16T23:14:33.625Z [info]: Server running on port 3000 in development mode 
2025-05-16T23:14:33.626Z [info]: Health check available at http://localhost:3000/health 
2025-05-16T23:14:37.724Z [error]: Missing required permission: admin {"stack":"Error: Missing required permission: admin\n    at /Users/vidalalvarez/Documents/CODEG/LUMINIA/notification email service/email-notification/src/api/v1/middlewares/requireAuthorization.ts:65:19\n    at Layer.handleRequest (/Users/vidalalvarez/Documents/CODEG/LUMINIA/notification email service/email-notification/node_modules/.pnpm/router@2.2.0/node_modules/router/lib/layer.js:152:17)\n    at next (/Users/vidalalvarez/Documents/CODEG/LUMINIA/notification email service/email-notification/node_modules/.pnpm/router@2.2.0/node_modules/router/lib/route.js:157:13)\n    at /Users/vidalalvarez/Documents/CODEG/LUMINIA/notification email service/email-notification/src/api/v1/middlewares/requireAuthorization.ts:42:5\n    at Generator.next (<anonymous>)\n    at fulfilled (/Users/vidalalvarez/Documents/CODEG/LUMINIA/notification email service/email-notification/src/api/v1/middlewares/requireAuthorization.ts:5:58)","name":"Error"}
2025-05-16T23:15:14.434Z [info]: Shutting down server... 
2025-05-16T23:15:14.448Z [info]: Server shut down successfully 
2025-05-16T23:15:14.929Z [info]: Connected to database 
2025-05-16T23:15:14.930Z [info]: Server running on port 3000 in development mode 
2025-05-16T23:15:14.930Z [info]: Health check available at http://localhost:3000/health 
2025-05-16T23:18:19.747Z [info]: Created initial email log: dd737585-1b92-44da-959d-f34f5bd3cc75 
2025-05-16T23:18:21.460Z [info]: Email sent successfully: 010f0196db643b8a-a1a7da9e-d0ff-4470-8687-4f042c7ad956-000000 {"messageId":"010f0196db643b8a-a1a7da9e-d0ff-4470-8687-4f042c7ad956-000000","to":"iadevs7@gmail.com"}
2025-05-16T23:18:21.469Z [info]: Updated email log status: dd737585-1b92-44da-959d-f34f5bd3cc75 -> QUEUED 
2025-05-16T23:21:10.997Z [error]: Missing required permission: admin {"stack":"Error: Missing required permission: admin\n    at /Users/vidalalvarez/Documents/CODEG/LUMINIA/notification email service/email-notification/src/api/v1/middlewares/requireAuthorization.ts:65:19\n    at Layer.handleRequest (/Users/vidalalvarez/Documents/CODEG/LUMINIA/notification email service/email-notification/node_modules/.pnpm/router@2.2.0/node_modules/router/lib/layer.js:152:17)\n    at next (/Users/vidalalvarez/Documents/CODEG/LUMINIA/notification email service/email-notification/node_modules/.pnpm/router@2.2.0/node_modules/router/lib/route.js:157:13)\n    at /Users/vidalalvarez/Documents/CODEG/LUMINIA/notification email service/email-notification/src/api/v1/middlewares/requireAuthorization.ts:42:5\n    at Generator.next (<anonymous>)\n    at fulfilled (/Users/vidalalvarez/Documents/CODEG/LUMINIA/notification email service/email-notification/src/api/v1/middlewares/requireAuthorization.ts:5:58)","name":"Error"}
2025-05-16T23:21:30.609Z [error]: Missing required permission: admin {"stack":"Error: Missing required permission: admin\n    at /Users/vidalalvarez/Documents/CODEG/LUMINIA/notification email service/email-notification/src/api/v1/middlewares/requireAuthorization.ts:65:19\n    at Layer.handleRequest (/Users/vidalalvarez/Documents/CODEG/LUMINIA/notification email service/email-notification/node_modules/.pnpm/router@2.2.0/node_modules/router/lib/layer.js:152:17)\n    at next (/Users/vidalalvarez/Documents/CODEG/LUMINIA/notification email service/email-notification/node_modules/.pnpm/router@2.2.0/node_modules/router/lib/route.js:157:13)\n    at /Users/vidalalvarez/Documents/CODEG/LUMINIA/notification email service/email-notification/src/api/v1/middlewares/requireAuthorization.ts:42:5\n    at Generator.next (<anonymous>)\n    at fulfilled (/Users/vidalalvarez/Documents/CODEG/LUMINIA/notification email service/email-notification/src/api/v1/middlewares/requireAuthorization.ts:5:58)","name":"Error"}
2025-05-16T23:22:15.606Z [info]: Shutting down server... 
2025-05-16T23:22:15.617Z [info]: Server shut down successfully 
2025-05-16T23:22:16.074Z [info]: Connected to database 
2025-05-16T23:22:16.076Z [info]: Server running on port 3000 in development mode 
2025-05-16T23:22:16.076Z [info]: Health check available at http://localhost:3000/health 
2025-05-16T23:23:14.788Z [info]: Shutting down server... 
2025-05-16T23:23:14.796Z [info]: Server shut down successfully 
2025-05-16T23:23:15.234Z [info]: Connected to database 
2025-05-16T23:23:15.236Z [info]: Server running on port 3000 in development mode 
2025-05-16T23:23:15.236Z [info]: Health check available at http://localhost:3000/health 
2025-05-16T23:26:08.367Z [info]: Created initial email log: 041388b0-3f16-4602-b556-7ff18e5df45f 
2025-05-16T23:26:09.265Z [info]: Email sent successfully: 010f0196db6b5ee0-d7a5f775-3228-4d57-bf7b-390fec30265f-000000 {"messageId":"010f0196db6b5ee0-d7a5f775-3228-4d57-bf7b-390fec30265f-000000","to":"iadevs7@gmail.com"}
2025-05-16T23:26:09.273Z [info]: Updated email log status: 041388b0-3f16-4602-b556-7ff18e5df45f -> QUEUED 
2025-05-16T23:26:09.277Z [error]: Cannot set headers after they are sent to the client {"stack":"Error: Cannot set headers after they are sent to the client\n    at ServerResponse.setHeader (node:_http_outgoing:659:11)\n    at ServerResponse.header (/Users/vidalalvarez/Documents/CODEG/LUMINIA/notification email service/email-notification/node_modules/.pnpm/express@5.1.0/node_modules/express/lib/response.js:684:10)\n    at ServerResponse.send (/Users/vidalalvarez/Documents/CODEG/LUMINIA/notification email service/email-notification/node_modules/.pnpm/express@5.1.0/node_modules/express/lib/response.js:161:12)\n    at ServerResponse.json (/Users/vidalalvarez/Documents/CODEG/LUMINIA/notification email service/email-notification/node_modules/.pnpm/express@5.1.0/node_modules/express/lib/response.js:250:15)\n    at /Users/vidalalvarez/Documents/CODEG/LUMINIA/notification email service/email-notification/src/api/v1/controllers/email.controller.ts:54:30\n    at Generator.next (<anonymous>)\n    at fulfilled (/Users/vidalalvarez/Documents/CODEG/LUMINIA/notification email service/email-notification/src/api/v1/controllers/email.controller.ts:38:58)","name":"Error"}
2025-05-16T23:27:10.949Z [info]: Created initial email log: dafbf14d-903c-4aef-9519-f3015c8699c0 
2025-05-16T23:27:11.559Z [info]: Email sent successfully: 010f0196db6c5251-f38a3856-cf3f-4961-9391-c32cc5b472a5-000000 {"messageId":"010f0196db6c5251-f38a3856-cf3f-4961-9391-c32cc5b472a5-000000","to":"iadevs7@gmail.com"}
2025-05-16T23:27:11.565Z [info]: Updated email log status: dafbf14d-903c-4aef-9519-f3015c8699c0 -> QUEUED 
2025-05-16T23:39:45.131Z [info]: Shutting down server... 
2025-05-16T23:39:45.158Z [info]: Server shut down successfully 
